<?xml version="1.0" encoding="UTF-8"?>
<!-- Generated by org.testng.reporters.JUnitReportReporter -->
<testsuite hostname="Daksh-PC" name="com.hrm.base.HrmTestCases" tests="1" failures="0" timestamp="27 Dec 2013 20:16:27 GMT" time="241.189" errors="0">
  <testcase name="mangeLeaves" time="241.189" classname="com.hrm.base.HrmTestCases"/>
</testsuite> <!-- com.hrm.base.HrmTestCases -->
